<?xml version="1.0" encoding="UTF-8"?>
<testng-results ignored="0" total="0" passed="0" failed="0" skipped="0">
  <reporter-output>
  </reporter-output>
  <suite started-at="2019-11-07T10:55:16 ART" name="Command line suite" finished-at="2019-11-07T10:55:16 ART" duration-ms="5">
    <groups>
    </groups>
    <test started-at="2019-11-07T10:55:16 ART" name="Command line test" finished-at="2019-11-07T10:55:16 ART" duration-ms="5">
    </test> <!-- Command line test -->
  </suite> <!-- Command line suite -->
</testng-results>
